<?xml version="1.0" encoding="UTF-8"?>
<!-- Generated by org.testng.reporters.JUnitReportReporter -->
<testsuite hostname="Admin" failures="0" tests="1" name="Module.CreateContactTest" time="10.826" errors="0" timestamp="2024-01-25T10:57:56 IST" skipped="0">
  <testcase classname="Module.CreateContactTest" name="CreateContact" time="10.826"/>
</testsuite> <!-- Module.CreateContactTest -->
