<?xml version="1.0" encoding="UTF-8"?>
<!-- Generated by org.testng.reporters.JUnitReportReporter -->
<testsuite hostname="Admin" failures="0" tests="1" name="Module.CreateOrganizationTest" time="13.840" errors="0" timestamp="2024-01-25T10:55:34 IST" skipped="0">
  <testcase classname="Module.CreateOrganizationTest" name="Organization" time="13.840"/>
</testsuite> <!-- Module.CreateOrganizationTest -->
